<?xml version="1.0" encoding="UTF-8"?>
<!-- Generated by org.testng.reporters.JUnitReportReporter -->
<testsuite hostname="DESKTOP-F0SEMFK" failures="0" tests="1" name="OmarAlwan.Tests.EndToEnd" time="23.647" errors="0" timestamp="2022-12-08T17:40:41 IST" skipped="0">
  <testcase classname="OmarAlwan.Tests.EndToEnd" name="endToEnd" time="23.647"/>
  <system-out/>
</testsuite> <!-- OmarAlwan.Tests.EndToEnd -->
